----Inicio de Registro de Reservas

------------------------------------
Asientos Pendientes: 0
Asientos Confirmados: 0
Asientos Cancelados: 0
Asientos Verificados: 0

------------------------------------
Asientos Pendientes: 2
Asientos Confirmados: 0
Asientos Cancelados: 0
Asientos Verificados: 0

------------------------------------
Asientos Pendientes: 2
Asientos Confirmados: 1
Asientos Cancelados: 0
Asientos Verificados: 1

------------------------------------
Asientos Pendientes: 1
Asientos Confirmados: 2
Asientos Cancelados: 0
Asientos Verificados: 1

------------------------------------
Asientos Pendientes: 1
Asientos Confirmados: 2
Asientos Cancelados: 0
Asientos Verificados: 3

------------------------------------
Asientos Pendientes: 2
Asientos Confirmados: 3
Asientos Cancelados: 0
Asientos Verificados: 3

------------------------------------
Asientos Pendientes: 1
Asientos Confirmados: 4
Asientos Cancelados: 0
Asientos Verificados: 4

------------------------------------
Asientos Pendientes: 2
Asientos Confirmados: 5
Asientos Cancelados: 0
Asientos Verificados: 4

------------------------------------
Asientos Pendientes: 2
Asientos Confirmados: 5
Asientos Cancelados: 1
Asientos Verificados: 5

------------------------------------
Asientos Pendientes: 1
Asientos Confirmados: 5
Asientos Cancelados: 1
Asientos Verificados: 6

------------------------------------
Asientos Pendientes: 1
Asientos Confirmados: 7
Asientos Cancelados: 1
Asientos Verificados: 6

------------------------------------
Asientos Pendientes: 2
Asientos Confirmados: 7
Asientos Cancelados: 1
Asientos Verificados: 7

------------------------------------
Asientos Pendientes: 2
Asientos Confirmados: 9
Asientos Cancelados: 1
Asientos Verificados: 7

------------------------------------
Asientos Pendientes: 2
Asientos Confirmados: 9
Asientos Cancelados: 1
Asientos Verificados: 8

------------------------------------
Asientos Pendientes: 2
Asientos Confirmados: 9
Asientos Cancelados: 1
Asientos Verificados: 10

------------------------------------
Asientos Pendientes: 1
Asientos Confirmados: 10
Asientos Cancelados: 1
Asientos Verificados: 10

------------------------------------
Asientos Pendientes: 1
Asientos Confirmados: 10
Asientos Cancelados: 1
Asientos Verificados: 12

------------------------------------
Asientos Pendientes: 2
Asientos Confirmados: 10
Asientos Cancelados: 2
Asientos Verificados: 12

------------------------------------
Asientos Pendientes: 2
Asientos Confirmados: 10
Asientos Cancelados: 2
Asientos Verificados: 13

------------------------------------
Asientos Pendientes: 1
Asientos Confirmados: 12
Asientos Cancelados: 2
Asientos Verificados: 13

------------------------------------
Asientos Pendientes: 1
Asientos Confirmados: 11
Asientos Cancelados: 2
Asientos Verificados: 15

------------------------------------
Asientos Pendientes: 1
Asientos Confirmados: 13
Asientos Cancelados: 2
Asientos Verificados: 15

------------------------------------
Asientos Pendientes: 3
Asientos Confirmados: 14
Asientos Cancelados: 2
Asientos Verificados: 15

------------------------------------
Asientos Pendientes: 1
Asientos Confirmados: 12
Asientos Cancelados: 4
Asientos Verificados: 17

------------------------------------
Asientos Pendientes: 2
Asientos Confirmados: 13
Asientos Cancelados: 4
Asientos Verificados: 17

------------------------------------
Asientos Pendientes: 2
Asientos Confirmados: 13
Asientos Cancelados: 4
Asientos Verificados: 19

------------------------------------
Asientos Pendientes: 2
Asientos Confirmados: 14
Asientos Cancelados: 4
Asientos Verificados: 19

------------------------------------
Asientos Pendientes: 1
Asientos Confirmados: 15
Asientos Cancelados: 4
Asientos Verificados: 20

------------------------------------
Asientos Pendientes: 2
Asientos Confirmados: 15
Asientos Cancelados: 4
Asientos Verificados: 21

------------------------------------
Asientos Pendientes: 1
Asientos Confirmados: 15
Asientos Cancelados: 4
Asientos Verificados: 22

------------------------------------
Asientos Pendientes: 1
Asientos Confirmados: 15
Asientos Cancelados: 4
Asientos Verificados: 24

------------------------------------
Asientos Pendientes: 2
Asientos Confirmados: 15
Asientos Cancelados: 5
Asientos Verificados: 24

------------------------------------
Asientos Pendientes: 1
Asientos Confirmados: 15
Asientos Cancelados: 5
Asientos Verificados: 26

------------------------------------
Asientos Pendientes: 1
Asientos Confirmados: 16
Asientos Cancelados: 5
Asientos Verificados: 26

------------------------------------
Asientos Pendientes: 1
Asientos Confirmados: 17
Asientos Cancelados: 6
Asientos Verificados: 26

------------------------------------
Asientos Pendientes: 2
Asientos Confirmados: 18
Asientos Cancelados: 6
Asientos Verificados: 27

------------------------------------
Asientos Pendientes: 0
Asientos Confirmados: 17
Asientos Cancelados: 7
Asientos Verificados: 28

------------------------------------
Asientos Pendientes: 1
Asientos Confirmados: 16
Asientos Cancelados: 7
Asientos Verificados: 30

------------------------------------
Asientos Pendientes: 2
Asientos Confirmados: 17
Asientos Cancelados: 7
Asientos Verificados: 30

------------------------------------
Asientos Pendientes: 0
Asientos Confirmados: 17
Asientos Cancelados: 7
Asientos Verificados: 32

------------------------------------
Asientos Pendientes: 1
Asientos Confirmados: 18
Asientos Cancelados: 7
Asientos Verificados: 32

------------------------------------
Asientos Pendientes: 1
Asientos Confirmados: 18
Asientos Cancelados: 7
Asientos Verificados: 33

------------------------------------
Asientos Pendientes: 2
Asientos Confirmados: 20
Asientos Cancelados: 7
Asientos Verificados: 33

------------------------------------
Asientos Pendientes: 1
Asientos Confirmados: 20
Asientos Cancelados: 7
Asientos Verificados: 34

------------------------------------
Asientos Pendientes: 2
Asientos Confirmados: 19
Asientos Cancelados: 8
Asientos Verificados: 35

------------------------------------
Asientos Pendientes: 1
Asientos Confirmados: 21
Asientos Cancelados: 8
Asientos Verificados: 35

------------------------------------
Asientos Pendientes: 1
Asientos Confirmados: 21
Asientos Cancelados: 8
Asientos Verificados: 36

------------------------------------
Asientos Pendientes: 1
Asientos Confirmados: 21
Asientos Cancelados: 9
Asientos Verificados: 36

------------------------------------
Asientos Pendientes: 2
Asientos Confirmados: 21
Asientos Cancelados: 9
Asientos Verificados: 38

------------------------------------
Asientos Pendientes: 1
Asientos Confirmados: 21
Asientos Cancelados: 10
Asientos Verificados: 38

------------------------------------
Asientos Pendientes: 1
Asientos Confirmados: 22
Asientos Cancelados: 10
Asientos Verificados: 39

------------------------------------
Asientos Pendientes: 2
Asientos Confirmados: 21
Asientos Cancelados: 10
Asientos Verificados: 41

------------------------------------
Asientos Pendientes: 0
Asientos Confirmados: 22
Asientos Cancelados: 11
Asientos Verificados: 41

------------------------------------
Asientos Pendientes: 1
Asientos Confirmados: 21
Asientos Cancelados: 11
Asientos Verificados: 43

------------------------------------
Asientos Pendientes: 2
Asientos Confirmados: 22
Asientos Cancelados: 11
Asientos Verificados: 43

------------------------------------
Asientos Pendientes: 0
Asientos Confirmados: 21
Asientos Cancelados: 12
Asientos Verificados: 45

------------------------------------
Asientos Pendientes: 1
Asientos Confirmados: 22
Asientos Cancelados: 12
Asientos Verificados: 45

------------------------------------
Asientos Pendientes: 2
Asientos Confirmados: 21
Asientos Cancelados: 12
Asientos Verificados: 47

------------------------------------
Asientos Pendientes: 0
Asientos Confirmados: 22
Asientos Cancelados: 12
Asientos Verificados: 48

------------------------------------
Asientos Pendientes: 1
Asientos Confirmados: 23
Asientos Cancelados: 12
Asientos Verificados: 48

------------------------------------
Asientos Pendientes: 2
Asientos Confirmados: 21
Asientos Cancelados: 13
Asientos Verificados: 50

------------------------------------
Asientos Pendientes: 1
Asientos Confirmados: 23
Asientos Cancelados: 13
Asientos Verificados: 50

------------------------------------
Asientos Pendientes: 1
Asientos Confirmados: 23
Asientos Cancelados: 13
Asientos Verificados: 51

------------------------------------
Asientos Pendientes: 2
Asientos Confirmados: 24
Asientos Cancelados: 13
Asientos Verificados: 51

------------------------------------
Asientos Pendientes: 1
Asientos Confirmados: 24
Asientos Cancelados: 13
Asientos Verificados: 52

------------------------------------
Asientos Pendientes: 1
Asientos Confirmados: 25
Asientos Cancelados: 13
Asientos Verificados: 53

------------------------------------
Asientos Pendientes: 0
Asientos Confirmados: 26
Asientos Cancelados: 13
Asientos Verificados: 53

------------------------------------
Asientos Pendientes: 1
Asientos Confirmados: 26
Asientos Cancelados: 13
Asientos Verificados: 54

------------------------------------
Asientos Pendientes: 3
Asientos Confirmados: 27
Asientos Cancelados: 13
Asientos Verificados: 54

------------------------------------
Asientos Pendientes: 1
Asientos Confirmados: 27
Asientos Cancelados: 13
Asientos Verificados: 56

------------------------------------
Asientos Pendientes: 1
Asientos Confirmados: 28
Asientos Cancelados: 13
Asientos Verificados: 56

------------------------------------
Asientos Pendientes: 2
Asientos Confirmados: 28
Asientos Cancelados: 13
Asientos Verificados: 57

------------------------------------
Asientos Pendientes: 1
Asientos Confirmados: 28
Asientos Cancelados: 13
Asientos Verificados: 58

------------------------------------
Asientos Pendientes: 1
Asientos Confirmados: 29
Asientos Cancelados: 13
Asientos Verificados: 59

------------------------------------
Asientos Pendientes: 0
Asientos Confirmados: 29
Asientos Cancelados: 13
Asientos Verificados: 60

------------------------------------
Asientos Pendientes: 0
Asientos Confirmados: 30
Asientos Cancelados: 13
Asientos Verificados: 60

------------------------------------
Asientos Pendientes: 1
Asientos Confirmados: 30
Asientos Cancelados: 13
Asientos Verificados: 61

------------------------------------
Asientos Pendientes: 3
Asientos Confirmados: 31
Asientos Cancelados: 13
Asientos Verificados: 61

------------------------------------
Asientos Pendientes: 1
Asientos Confirmados: 31
Asientos Cancelados: 13
Asientos Verificados: 63

------------------------------------
Asientos Pendientes: 3
Asientos Confirmados: 31
Asientos Cancelados: 13
Asientos Verificados: 64

------------------------------------
Asientos Pendientes: 1
Asientos Confirmados: 32
Asientos Cancelados: 13
Asientos Verificados: 65

------------------------------------
Asientos Pendientes: 0
Asientos Confirmados: 31
Asientos Cancelados: 13
Asientos Verificados: 67

------------------------------------
Asientos Pendientes: 1
Asientos Confirmados: 31
Asientos Cancelados: 14
Asientos Verificados: 67

------------------------------------
Asientos Pendientes: 2
Asientos Confirmados: 30
Asientos Cancelados: 14
Asientos Verificados: 69

------------------------------------
Asientos Pendientes: 2
Asientos Confirmados: 32
Asientos Cancelados: 14
Asientos Verificados: 69

------------------------------------
Asientos Pendientes: 1
Asientos Confirmados: 32
Asientos Cancelados: 14
Asientos Verificados: 70

------------------------------------
Asientos Pendientes: 2
Asientos Confirmados: 32
Asientos Cancelados: 14
Asientos Verificados: 72

------------------------------------
Asientos Pendientes: 1
Asientos Confirmados: 33
Asientos Cancelados: 14
Asientos Verificados: 72

------------------------------------
Asientos Pendientes: 1
Asientos Confirmados: 34
Asientos Cancelados: 14
Asientos Verificados: 73

------------------------------------
Asientos Pendientes: 3
Asientos Confirmados: 34
Asientos Cancelados: 15
Asientos Verificados: 73

------------------------------------
Asientos Pendientes: 2
Asientos Confirmados: 34
Asientos Cancelados: 15
Asientos Verificados: 74

------------------------------------
Asientos Pendientes: 1
Asientos Confirmados: 36
Asientos Cancelados: 15
Asientos Verificados: 74

------------------------------------
Asientos Pendientes: 1
Asientos Confirmados: 35
Asientos Cancelados: 15
Asientos Verificados: 76

------------------------------------
Asientos Pendientes: 1
Asientos Confirmados: 36
Asientos Cancelados: 15
Asientos Verificados: 77

------------------------------------
Asientos Pendientes: 2
Asientos Confirmados: 37
Asientos Cancelados: 15
Asientos Verificados: 77

------------------------------------
Asientos Pendientes: 1
Asientos Confirmados: 38
Asientos Cancelados: 15
Asientos Verificados: 78

------------------------------------
Asientos Pendientes: 1
Asientos Confirmados: 39
Asientos Cancelados: 15
Asientos Verificados: 78

------------------------------------
Asientos Pendientes: 1
Asientos Confirmados: 40
Asientos Cancelados: 15
Asientos Verificados: 79

------------------------------------
Asientos Pendientes: 1
Asientos Confirmados: 41
Asientos Cancelados: 15
Asientos Verificados: 79

------------------------------------
Asientos Pendientes: 1
Asientos Confirmados: 40
Asientos Cancelados: 15
Asientos Verificados: 81

------------------------------------
Asientos Pendientes: 1
Asientos Confirmados: 41
Asientos Cancelados: 15
Asientos Verificados: 81

------------------------------------
Asientos Pendientes: 1
Asientos Confirmados: 42
Asientos Cancelados: 15
Asientos Verificados: 82

------------------------------------
Asientos Pendientes: 1
Asientos Confirmados: 42
Asientos Cancelados: 15
Asientos Verificados: 83

------------------------------------
Asientos Pendientes: 2
Asientos Confirmados: 42
Asientos Cancelados: 16
Asientos Verificados: 83

------------------------------------
Asientos Pendientes: 1
Asientos Confirmados: 42
Asientos Cancelados: 16
Asientos Verificados: 85

------------------------------------
Asientos Pendientes: 1
Asientos Confirmados: 42
Asientos Cancelados: 17
Asientos Verificados: 85

------------------------------------
Asientos Pendientes: 1
Asientos Confirmados: 43
Asientos Cancelados: 17
Asientos Verificados: 85

------------------------------------
Asientos Pendientes: 1
Asientos Confirmados: 44
Asientos Cancelados: 17
Asientos Verificados: 85

------------------------------------
Asientos Pendientes: 1
Asientos Confirmados: 44
Asientos Cancelados: 17
Asientos Verificados: 86

------------------------------------
Asientos Pendientes: 1
Asientos Confirmados: 44
Asientos Cancelados: 17
Asientos Verificados: 87

------------------------------------
Asientos Pendientes: 1
Asientos Confirmados: 43
Asientos Cancelados: 19
Asientos Verificados: 87

------------------------------------
Asientos Pendientes: 1
Asientos Confirmados: 42
Asientos Cancelados: 19
Asientos Verificados: 89

------------------------------------
Asientos Pendientes: 0
Asientos Confirmados: 43
Asientos Cancelados: 19
Asientos Verificados: 89

------------------------------------
Asientos Pendientes: 2
Asientos Confirmados: 42
Asientos Cancelados: 19
Asientos Verificados: 90

------------------------------------
Asientos Pendientes: 1
Asientos Confirmados: 44
Asientos Cancelados: 19
Asientos Verificados: 90

------------------------------------
Asientos Pendientes: 0
Asientos Confirmados: 43
Asientos Cancelados: 19
Asientos Verificados: 92

------------------------------------
Asientos Pendientes: 1
Asientos Confirmados: 41
Asientos Cancelados: 19
Asientos Verificados: 94

------------------------------------
Asientos Pendientes: 0
Asientos Confirmados: 42
Asientos Cancelados: 19
Asientos Verificados: 94

------------------------------------
Asientos Pendientes: 0
Asientos Confirmados: 42
Asientos Cancelados: 19
Asientos Verificados: 95

------------------------------------
Asientos Pendientes: 0
Asientos Confirmados: 42
Asientos Cancelados: 19
Asientos Verificados: 95

------------------------------------
Asientos Pendientes: 1
Asientos Confirmados: 41
Asientos Cancelados: 19
Asientos Verificados: 97

------------------------------------
Asientos Pendientes: 1
Asientos Confirmados: 42
Asientos Cancelados: 19
Asientos Verificados: 97

------------------------------------
Asientos Pendientes: 1
Asientos Confirmados: 41
Asientos Cancelados: 19
Asientos Verificados: 99

------------------------------------
Asientos Pendientes: 1
Asientos Confirmados: 43
Asientos Cancelados: 19
Asientos Verificados: 99

------------------------------------
Asientos Pendientes: 1
Asientos Confirmados: 44
Asientos Cancelados: 19
Asientos Verificados: 99

------------------------------------
Asientos Pendientes: 0
Asientos Confirmados: 43
Asientos Cancelados: 19
Asientos Verificados: 101

------------------------------------
Asientos Pendientes: 1
Asientos Confirmados: 43
Asientos Cancelados: 19
Asientos Verificados: 101

------------------------------------
Asientos Pendientes: 0
Asientos Confirmados: 43
Asientos Cancelados: 19
Asientos Verificados: 102

------------------------------------
Asientos Pendientes: 0
Asientos Confirmados: 43
Asientos Cancelados: 19
Asientos Verificados: 103

------------------------------------
Asientos Pendientes: 0
Asientos Confirmados: 43
Asientos Cancelados: 19
Asientos Verificados: 103

------------------------------------
Asientos Pendientes: 1
Asientos Confirmados: 42
Asientos Cancelados: 19
Asientos Verificados: 104

------------------------------------
Asientos Pendientes: 0
Asientos Confirmados: 43
Asientos Cancelados: 20
Asientos Verificados: 104

------------------------------------
Asientos Pendientes: 1
Asientos Confirmados: 41
Asientos Cancelados: 20
Asientos Verificados: 106

------------------------------------
Asientos Pendientes: 0
Asientos Confirmados: 43
Asientos Cancelados: 20
Asientos Verificados: 106

------------------------------------
Asientos Pendientes: 2
Asientos Confirmados: 41
Asientos Cancelados: 20
Asientos Verificados: 108

------------------------------------
Asientos Pendientes: 0
Asientos Confirmados: 42
Asientos Cancelados: 20
Asientos Verificados: 109

------------------------------------
Asientos Pendientes: 0
Asientos Confirmados: 42
Asientos Cancelados: 20
Asientos Verificados: 109

------------------------------------
Asientos Pendientes: 0
Asientos Confirmados: 41
Asientos Cancelados: 20
Asientos Verificados: 111

------------------------------------
Asientos Pendientes: 0
Asientos Confirmados: 41
Asientos Cancelados: 20
Asientos Verificados: 111

------------------------------------
Asientos Pendientes: 1
Asientos Confirmados: 40
Asientos Cancelados: 20
Asientos Verificados: 112

------------------------------------
Asientos Pendientes: 1
Asientos Confirmados: 41
Asientos Cancelados: 20
Asientos Verificados: 112

------------------------------------
Asientos Pendientes: 0
Asientos Confirmados: 39
Asientos Cancelados: 21
Asientos Verificados: 114

------------------------------------
Asientos Pendientes: 0
Asientos Confirmados: 38
Asientos Cancelados: 21
Asientos Verificados: 116

------------------------------------
Asientos Pendientes: 0
Asientos Confirmados: 37
Asientos Cancelados: 21
Asientos Verificados: 116

------------------------------------
Asientos Pendientes: 1
Asientos Confirmados: 35
Asientos Cancelados: 21
Asientos Verificados: 118

------------------------------------
Asientos Pendientes: 1
Asientos Confirmados: 36
Asientos Cancelados: 21
Asientos Verificados: 118

------------------------------------
Asientos Pendientes: 0
Asientos Confirmados: 34
Asientos Cancelados: 22
Asientos Verificados: 120

------------------------------------
Asientos Pendientes: 0
Asientos Confirmados: 34
Asientos Cancelados: 22
Asientos Verificados: 120

------------------------------------
Asientos Pendientes: 0
Asientos Confirmados: 32
Asientos Cancelados: 22
Asientos Verificados: 122

------------------------------------
Asientos Pendientes: 1
Asientos Confirmados: 32
Asientos Cancelados: 22
Asientos Verificados: 122

------------------------------------
Asientos Pendientes: 0
Asientos Confirmados: 31
Asientos Cancelados: 22
Asientos Verificados: 124

------------------------------------
Asientos Pendientes: 0
Asientos Confirmados: 29
Asientos Cancelados: 22
Asientos Verificados: 126

------------------------------------
Asientos Pendientes: 0
Asientos Confirmados: 29
Asientos Cancelados: 22
Asientos Verificados: 126

------------------------------------
Asientos Pendientes: 0
Asientos Confirmados: 27
Asientos Cancelados: 22
Asientos Verificados: 128

------------------------------------
Asientos Pendientes: 0
Asientos Confirmados: 25
Asientos Cancelados: 22
Asientos Verificados: 130

------------------------------------
Asientos Pendientes: 1
Asientos Confirmados: 25
Asientos Cancelados: 22
Asientos Verificados: 130

------------------------------------
Asientos Pendientes: 0
Asientos Confirmados: 24
Asientos Cancelados: 22
Asientos Verificados: 132

------------------------------------
Asientos Pendientes: 1
Asientos Confirmados: 24
Asientos Cancelados: 22
Asientos Verificados: 132

------------------------------------
Asientos Pendientes: 1
Asientos Confirmados: 23
Asientos Cancelados: 22
Asientos Verificados: 134

------------------------------------
Asientos Pendientes: 1
Asientos Confirmados: 25
Asientos Cancelados: 22
Asientos Verificados: 134

------------------------------------
Asientos Pendientes: 0
Asientos Confirmados: 24
Asientos Cancelados: 22
Asientos Verificados: 136

------------------------------------
Asientos Pendientes: 0
Asientos Confirmados: 20
Asientos Cancelados: 24
Asientos Verificados: 138

------------------------------------
Asientos Pendientes: 0
Asientos Confirmados: 20
Asientos Cancelados: 24
Asientos Verificados: 138

------------------------------------
Asientos Pendientes: 0
Asientos Confirmados: 19
Asientos Cancelados: 24
Asientos Verificados: 139

------------------------------------
Asientos Pendientes: 2
Asientos Confirmados: 19
Asientos Cancelados: 24
Asientos Verificados: 139

------------------------------------
Asientos Pendientes: 1
Asientos Confirmados: 18
Asientos Cancelados: 24
Asientos Verificados: 141

------------------------------------
Asientos Pendientes: 0
Asientos Confirmados: 19
Asientos Cancelados: 24
Asientos Verificados: 141

------------------------------------
Asientos Pendientes: 0
Asientos Confirmados: 16
Asientos Cancelados: 25
Asientos Verificados: 143

------------------------------------
Asientos Pendientes: 0
Asientos Confirmados: 14
Asientos Cancelados: 25
Asientos Verificados: 145

------------------------------------
Asientos Pendientes: 0
Asientos Confirmados: 14
Asientos Cancelados: 25
Asientos Verificados: 145

------------------------------------
Asientos Pendientes: 0
Asientos Confirmados: 13
Asientos Cancelados: 25
Asientos Verificados: 146

------------------------------------
Asientos Pendientes: 0
Asientos Confirmados: 13
Asientos Cancelados: 25
Asientos Verificados: 146

------------------------------------
Asientos Pendientes: 0
Asientos Confirmados: 11
Asientos Cancelados: 25
Asientos Verificados: 148

------------------------------------
Asientos Pendientes: 0
Asientos Confirmados: 11
Asientos Cancelados: 25
Asientos Verificados: 148

------------------------------------
Asientos Pendientes: 0
Asientos Confirmados: 9
Asientos Cancelados: 25
Asientos Verificados: 150

------------------------------------
Asientos Pendientes: 0
Asientos Confirmados: 8
Asientos Cancelados: 25
Asientos Verificados: 151

------------------------------------
Asientos Pendientes: 0
Asientos Confirmados: 7
Asientos Cancelados: 25
Asientos Verificados: 152

------------------------------------
Asientos Pendientes: 0
Asientos Confirmados: 5
Asientos Cancelados: 25
Asientos Verificados: 154

------------------------------------
Asientos Pendientes: 1
Asientos Confirmados: 5
Asientos Cancelados: 25
Asientos Verificados: 154

------------------------------------
Asientos Pendientes: 0
Asientos Confirmados: 4
Asientos Cancelados: 25
Asientos Verificados: 156

------------------------------------
Asientos Pendientes: 0
Asientos Confirmados: 4
Asientos Cancelados: 25
Asientos Verificados: 156

------------------------------------
Asientos Pendientes: 0
Asientos Confirmados: 2
Asientos Cancelados: 25
Asientos Verificados: 158

------------------------------------
Asientos Pendientes: 0
Asientos Confirmados: 2
Asientos Cancelados: 25
Asientos Verificados: 158

------------------------------------
Asientos Pendientes: 0
Asientos Confirmados: 0
Asientos Cancelados: 25
Asientos Verificados: 160

------------------------------------
Asientos Pendientes: 0
Asientos Confirmados: 0
Asientos Cancelados: 25
Asientos Verificados: 160

------------------------------------
Asientos Pendientes: 0
Asientos Confirmados: 0
Asientos Cancelados: 25
Asientos Verificados: 160

------------------------------------
Asientos Pendientes: 0
Asientos Confirmados: 0
Asientos Cancelados: 25
Asientos Verificados: 160

------------------------------------
Asientos Pendientes: 0
Asientos Confirmados: 0
Asientos Cancelados: 25
Asientos Verificados: 160

------------------------------------
Asientos Pendientes: 0
Asientos Confirmados: 0
Asientos Cancelados: 25
Asientos Verificados: 160

------------------------------------
Asientos Pendientes: 0
Asientos Confirmados: 0
Asientos Cancelados: 25
Asientos Verificados: 160

------------------------------------
Asientos Pendientes: 0
Asientos Confirmados: 0
Asientos Cancelados: 25
Asientos Verificados: 160

------------------------------------
Asientos Pendientes: 0
Asientos Confirmados: 0
Asientos Cancelados: 25
Asientos Verificados: 160

------------------------------------
Asientos Pendientes: 0
Asientos Confirmados: 0
Asientos Cancelados: 25
Asientos Verificados: 160

------------------------------------
Asientos Pendientes: 0
Asientos Confirmados: 0
Asientos Cancelados: 25
Asientos Verificados: 160

------------------------------------
Asientos Pendientes: 0
Asientos Confirmados: 0
Asientos Cancelados: 25
Asientos Verificados: 160

------------------------------------
Asientos Pendientes: 0
Asientos Confirmados: 0
Asientos Cancelados: 25
Asientos Verificados: 160

------------------------------------
Asientos Pendientes: 0
Asientos Confirmados: 0
Asientos Cancelados: 25
Asientos Verificados: 160

------------------------------------
Asientos Pendientes: 0
Asientos Confirmados: 0
Asientos Cancelados: 25
Asientos Verificados: 160

------------------------------------
Asientos Pendientes: 0
Asientos Confirmados: 0
Asientos Cancelados: 25
Asientos Verificados: 160

------------------------------------
Asientos Pendientes: 0
Asientos Confirmados: 0
Asientos Cancelados: 25
Asientos Verificados: 160

------------------------------------
Asientos Pendientes: 0
Asientos Confirmados: 0
Asientos Cancelados: 25
Asientos Verificados: 160

------------------------------------
Asientos Pendientes: 0
Asientos Confirmados: 0
Asientos Cancelados: 25
Asientos Verificados: 160

------------------------------------
Asientos Pendientes: 0
Asientos Confirmados: 0
Asientos Cancelados: 25
Asientos Verificados: 160

------------------------------------
Asientos Pendientes: 0
Asientos Confirmados: 0
Asientos Cancelados: 25
Asientos Verificados: 160

------------------------------------
Asientos Pendientes: 0
Asientos Confirmados: 0
Asientos Cancelados: 25
Asientos Verificados: 160

------------------------------------
Asientos Pendientes: 0
Asientos Confirmados: 0
Asientos Cancelados: 25
Asientos Verificados: 160

------------------------------------
Asientos Pendientes: 0
Asientos Confirmados: 0
Asientos Cancelados: 25
Asientos Verificados: 160

------------------------------------
Asientos Pendientes: 0
Asientos Confirmados: 0
Asientos Cancelados: 25
Asientos Verificados: 160

------------------------------------
Asientos Pendientes: 0
Asientos Confirmados: 0
Asientos Cancelados: 25
Asientos Verificados: 160

------------------------------------
Asientos Pendientes: 0
Asientos Confirmados: 0
Asientos Cancelados: 25
Asientos Verificados: 160

------------------------------------
Asientos Pendientes: 0
Asientos Confirmados: 0
Asientos Cancelados: 25
Asientos Verificados: 160

------------------------------------
Asientos Pendientes: 0
Asientos Confirmados: 0
Asientos Cancelados: 25
Asientos Verificados: 160

------------------------------------
Asientos Pendientes: 0
Asientos Confirmados: 0
Asientos Cancelados: 25
Asientos Verificados: 160

------------------------------------
Asientos Pendientes: 0
Asientos Confirmados: 0
Asientos Cancelados: 25
Asientos Verificados: 160

------------------------------------
Asientos Pendientes: 0
Asientos Confirmados: 0
Asientos Cancelados: 25
Asientos Verificados: 160

------------------------------------
Asientos Pendientes: 0
Asientos Confirmados: 0
Asientos Cancelados: 25
Asientos Verificados: 160

------------------------------------
Asientos Pendientes: 1
Asientos Confirmados: 0
Asientos Cancelados: 25
Asientos Verificados: 160

------------------------------------
Asientos Pendientes: 0
Asientos Confirmados: 1
Asientos Cancelados: 25
Asientos Verificados: 160

------------------------------------
Asientos Pendientes: 0
Asientos Confirmados: 1
Asientos Cancelados: 25
Asientos Verificados: 160

------------------------------------
Asientos Pendientes: 0
Asientos Confirmados: 0
Asientos Cancelados: 25
Asientos Verificados: 161

--------------Tiempo de ejecución: 44853 ms--------------
